PATCH DIRECTORY /home/wellington/softwares/firefox/updates/0
INSTALLATION DIRECTORY /home/wellington/softwares/firefox
WORKING DIRECTORY /home/wellington/softwares/firefox
UPDATE TYPE partial
PREPARE PATCH updater
PREPARE ADD removed-files
PREPARE ADD precomplete
PREPARE PATCH plugin-container.sig
PREPARE PATCH plugin-container
PREPARE PATCH platform.ini
PREPARE PATCH pingsender
PREPARE PATCH omni.ja
PREPARE PATCH minidump-analyzer
PREPARE PATCH libxul.so.sig
PREPARE PATCH libxul.so
PREPARE ADD libsoftokn3.chk
PREPARE PATCH libplds4.so
PREPARE PATCH libplc4.so
PREPARE ADD libnssdbm3.chk
PREPARE PATCH libnspr4.so
PREPARE PATCH libmozsqlite3.so
PREPARE PATCH libmozsandbox.so
PREPARE PATCH libmozavcodec.so
PREPARE ADD libfreeblpriv3.chk
PREPARE PATCH gmp-clearkey/0.1/libclearkey.so.sig
PREPARE PATCH gmp-clearkey/0.1/libclearkey.so
PREPARE PATCH firefox.sig
PREPARE PATCH firefox-bin.sig
PREPARE PATCH firefox-bin
PREPARE PATCH crashreporter
PREPARE PATCH browser/omni.ja
PREPARE PATCH application.ini
EXECUTE PATCH updater
EXECUTE ADD removed-files
EXECUTE ADD precomplete
EXECUTE PATCH plugin-container.sig
EXECUTE PATCH plugin-container
EXECUTE PATCH platform.ini
EXECUTE PATCH pingsender
EXECUTE PATCH omni.ja
EXECUTE PATCH minidump-analyzer
EXECUTE PATCH libxul.so.sig
EXECUTE PATCH libxul.so
### execution failed
FINISH PATCH updater
FINISH ADD removed-files
FINISH ADD precomplete
FINISH PATCH plugin-container.sig
FINISH PATCH plugin-container
FINISH PATCH platform.ini
FINISH PATCH pingsender
FINISH PATCH omni.ja
FINISH PATCH minidump-analyzer
FINISH PATCH libxul.so.sig
FINISH PATCH libxul.so
FINISH ADD libsoftokn3.chk
backup_restore: backup file doesn't exist: libsoftokn3.chk.moz-backup
FINISH PATCH libplds4.so
backup_restore: backup file doesn't exist: libplds4.so.moz-backup
FINISH PATCH libplc4.so
backup_restore: backup file doesn't exist: libplc4.so.moz-backup
FINISH ADD libnssdbm3.chk
backup_restore: backup file doesn't exist: libnssdbm3.chk.moz-backup
FINISH PATCH libnspr4.so
backup_restore: backup file doesn't exist: libnspr4.so.moz-backup
FINISH PATCH libmozsqlite3.so
backup_restore: backup file doesn't exist: libmozsqlite3.so.moz-backup
FINISH PATCH libmozsandbox.so
backup_restore: backup file doesn't exist: libmozsandbox.so.moz-backup
FINISH PATCH libmozavcodec.so
backup_restore: backup file doesn't exist: libmozavcodec.so.moz-backup
FINISH ADD libfreeblpriv3.chk
backup_restore: backup file doesn't exist: libfreeblpriv3.chk.moz-backup
FINISH PATCH gmp-clearkey/0.1/libclearkey.so.sig
backup_restore: backup file doesn't exist: gmp-clearkey/0.1/libclearkey.so.sig.moz-backup
FINISH PATCH gmp-clearkey/0.1/libclearkey.so
backup_restore: backup file doesn't exist: gmp-clearkey/0.1/libclearkey.so.moz-backup
FINISH PATCH firefox.sig
backup_restore: backup file doesn't exist: firefox.sig.moz-backup
FINISH PATCH firefox-bin.sig
backup_restore: backup file doesn't exist: firefox-bin.sig.moz-backup
FINISH PATCH firefox-bin
backup_restore: backup file doesn't exist: firefox-bin.moz-backup
FINISH PATCH crashreporter
backup_restore: backup file doesn't exist: crashreporter.moz-backup
FINISH PATCH browser/omni.ja
backup_restore: backup file doesn't exist: browser/omni.ja.moz-backup
FINISH PATCH application.ini
backup_restore: backup file doesn't exist: application.ini.moz-backup
failed: 64
calling QuitProgressUI
